<?xml version="1.0" encoding="UTF-8"?>
<!-- Generated by org.testng.reporters.JUnitXMLReporter -->
<testsuite ignored="0" hostname="NO-002-QA" failures="0" tests="3" name="Default test" time="93.123" errors="0" timestamp="2023-10-03T16:04:45 IST">
  <testcase classname="com.younited.qa.testcases.HomePageTest" name="homePageTitleTest" time="8.028"/>
  <testcase classname="com.younited.qa.testcases.HomePageTest" name="verifyImageLogoTest" time="8.053"/>
  <testcase classname="com.younited.qa.testcases.HomePageTest" name="clickMyAssignmentsLinkTest" time="4.108"/>
</testsuite> <!-- Default test -->
